<?xml version="1.0" encoding="UTF-8"?>
<testng-results ignored="0" total="4" passed="4" failed="0" skipped="0">
  <reporter-output>
  </reporter-output>
  <suite started-at="2023-04-03T18:31:40 IST" name="PetSuite" finished-at="2023-04-03T18:32:04 IST" duration-ms="24566">
    <groups>
    </groups>
    <test started-at="2023-04-03T18:31:40 IST" name="PetTests" finished-at="2023-04-03T18:32:04 IST" duration-ms="24566">
      <class name="api.test.UserTests">
        <test-method is-config="true" signature="setup()[pri:0, instance:api.test.UserTests@d9345cd]" started-at="2023-04-03T18:31:40 IST" name="setup" finished-at="2023-04-03T18:31:42 IST" duration-ms="1573" status="PASS">
          <reporter-output>
          </reporter-output>
        </test-method> <!-- setup -->
        <test-method signature="postUserTest()[pri:1, instance:api.test.UserTests@d9345cd]" started-at="2023-04-03T18:31:42 IST" name="postUserTest" finished-at="2023-04-03T18:31:58 IST" duration-ms="16143" status="PASS">
          <reporter-output>
          </reporter-output>
        </test-method> <!-- postUserTest -->
        <test-method signature="getUserByNameTest()[pri:2, instance:api.test.UserTests@d9345cd]" started-at="2023-04-03T18:31:58 IST" name="getUserByNameTest" finished-at="2023-04-03T18:32:00 IST" duration-ms="1589" status="PASS">
          <reporter-output>
          </reporter-output>
        </test-method> <!-- getUserByNameTest -->
        <test-method signature="updateUserByNameTest()[pri:3, instance:api.test.UserTests@d9345cd]" started-at="2023-04-03T18:32:00 IST" name="updateUserByNameTest" finished-at="2023-04-03T18:32:03 IST" duration-ms="3045" status="PASS">
          <reporter-output>
          </reporter-output>
        </test-method> <!-- updateUserByNameTest -->
        <test-method signature="deletetUserByNameTest()[pri:4, instance:api.test.UserTests@d9345cd]" started-at="2023-04-03T18:32:03 IST" name="deletetUserByNameTest" finished-at="2023-04-03T18:32:04 IST" duration-ms="1490" status="PASS">
          <reporter-output>
          </reporter-output>
        </test-method> <!-- deletetUserByNameTest -->
      </class> <!-- api.test.UserTests -->
    </test> <!-- PetTests -->
  </suite> <!-- PetSuite -->
</testng-results>
