<?xml version="1.0" encoding="UTF-8"?>
<!-- Generated by org.testng.reporters.JUnitXMLReporter -->
<testsuite ignored="0" hostname="LAPTOP-B7BBN453" failures="0" tests="4" name="PetTests" time="24.566" errors="0" timestamp="2023-04-03T18:32:05 IST">
  <testcase classname="api.test.UserTests" name="postUserTest" time="16.143"/>
  <testcase classname="api.test.UserTests" name="getUserByNameTest" time="1.589"/>
  <testcase classname="api.test.UserTests" name="updateUserByNameTest" time="3.045"/>
  <testcase classname="api.test.UserTests" name="deletetUserByNameTest" time="1.49"/>
</testsuite> <!-- PetTests -->
